0 verbose cli [
0 verbose cli   'C:\\Program Files\\nodejs\\node.exe',
0 verbose cli   'C:\\Users\\user\\AppData\\Roaming\\npm\\node_modules\\npm\\bin\\npm-cli.js',
0 verbose cli   'i',
0 verbose cli   '-D',
0 verbose cli   'live-server'
0 verbose cli ]
1 info using npm@8.1.1
2 info using node@v14.15.0
3 timing npm:load:whichnode Completed in 0ms
4 timing config:load:defaults Completed in 2ms
5 timing config:load:file:C:\Users\user\AppData\Roaming\npm\node_modules\npm\npmrc Completed in 8ms
6 timing config:load:builtin Completed in 8ms
7 timing config:load:cli Completed in 1ms
8 timing config:load:env Completed in 1ms
9 timing config:load:file:C:\Users\user\Desktop\slider\.npmrc Completed in 0ms
10 timing config:load:project Completed in 1ms
11 timing config:load:file:C:\Users\user\.npmrc Completed in 1ms
12 timing config:load:user Completed in 1ms
13 timing config:load:file:C:\Users\user\AppData\Roaming\npm\etc\npmrc Completed in 0ms
14 timing config:load:global Completed in 0ms
15 timing config:load:validate Completed in 0ms
16 timing config:load:credentials Completed in 1ms
17 timing config:load:setEnvs Completed in 1ms
18 timing config:load Completed in 16ms
19 timing npm:load:configload Completed in 17ms
20 timing npm:load:setTitle Completed in 0ms
21 timing npm:load:setupLog Completed in 1ms
22 timing config:load:flatten Completed in 3ms
23 timing npm:load:cleanupLog Completed in 2ms
24 timing npm:load:configScope Completed in 0ms
25 timing npm:load:projectScope Completed in 1ms
26 timing npm:load Completed in 26ms
27 timing arborist:ctor Completed in 1ms
28 timing idealTree Completed in 1ms
29 timing command:install Completed in 41ms
30 verbose stack JSONParseError: Unexpected token "}" (0x7D) in JSON at position 116 while parsing near "...\": {\n    \"server\"\n  },\n  \"keywords\": [],..."
30 verbose stack     at C:\Users\user\AppData\Roaming\npm\node_modules\npm\node_modules\read-package-json-fast\index.js:11:61
30 verbose stack     at async Arborist.buildIdealTree (C:\Users\user\AppData\Roaming\npm\node_modules\npm\node_modules\@npmcli\arborist\lib\arborist\build-ideal-tree.js:213:7)
30 verbose stack     at async Promise.all (index 1)
30 verbose stack     at async Arborist.reify (C:\Users\user\AppData\Roaming\npm\node_modules\npm\node_modules\@npmcli\arborist\lib\arborist\reify.js:149:5)
30 verbose stack     at async Install.install (C:\Users\user\AppData\Roaming\npm\node_modules\npm\lib\install.js:170:5)
31 verbose cwd C:\Users\user\Desktop\slider
32 verbose Windows_NT 10.0.19042
33 verbose argv "C:\\Program Files\\nodejs\\node.exe" "C:\\Users\\user\\AppData\\Roaming\\npm\\node_modules\\npm\\bin\\npm-cli.js" "i" "-D" "live-server"
34 verbose node v14.15.0
35 verbose npm  v8.1.1
36 error code EJSONPARSE
37 error path C:\Users\user\Desktop\slider/package.json
38 error JSON.parse Unexpected token "}" (0x7D) in JSON at position 116 while parsing near "...\": {\n    \"server\"\n  },\n  \"keywords\": [],..."
39 error JSON.parse Failed to parse JSON data.
39 error JSON.parse Note: package.json must be actual JSON, not just JavaScript.
40 verbose exit 1
